TN:
SF:src/components/__tests__/ConsultationForm.test.tsx
FNF:0
FNH:0
DA:1,1
DA:5,1
DA:19,1
DA:20,1
DA:21,7
DA:22,1
DA:24,1
DA:25,1
DA:27,1
DA:28,1
DA:29,1
DA:30,1
DA:31,1
DA:33,1
DA:34,1
DA:36,1
DA:37,1
DA:39,1
DA:40,1
DA:42,1
DA:43,1
DA:44,1
DA:46,1
DA:47,1
DA:49,1
DA:50,1
DA:51,1
DA:52,1
DA:53,1
DA:54,1
DA:56,1
DA:57,1
DA:59,1
DA:60,1
DA:61,1
DA:62,1
DA:64,1
DA:65,1
DA:67,1
DA:68,1
DA:70,1
DA:71,1
DA:73,1
DA:74,1
DA:75,1
DA:76,1
LF:46
LH:46
BRDA:19,0,0,1
BRDA:20,1,0,7
BRDA:24,2,0,1
BRDA:33,3,0,1
BRDA:39,4,0,1
BRDA:46,5,0,1
BRDA:56,6,0,1
BRDA:64,7,0,1
BRDA:70,8,0,1
BRF:9
BRH:9
end_of_record
TN:
SF:src/components/__tests__/InteractiveEstimator.test.tsx
FNF:0
FNH:0
DA:1,1
DA:2,1
DA:3,1
DA:5,1
DA:6,1
DA:7,1
DA:9,1
DA:10,1
DA:11,1
DA:13,1
DA:14,1
DA:16,1
DA:17,1
DA:18,1
DA:19,1
DA:21,1
DA:22,1
DA:24,1
DA:25,1
DA:26,1
DA:27,1
DA:29,1
DA:30,1
DA:32,1
DA:33,1
DA:34,1
DA:36,1
DA:37,1
DA:39,1
DA:40,1
DA:41,1
DA:43,1
DA:44,1
DA:46,1
DA:47,1
DA:48,1
DA:50,1
DA:51,1
DA:53,1
DA:54,1
DA:56,1
DA:57,1
DA:59,1
DA:60,1
DA:61,1
LF:45
LH:45
BRDA:5,0,0,1
BRDA:6,1,0,1
BRDA:13,2,0,1
BRDA:21,3,0,1
BRDA:29,4,0,1
BRDA:36,5,0,1
BRDA:43,6,0,1
BRDA:50,7,0,1
BRDA:56,8,0,1
BRF:9
BRH:9
end_of_record
TN:
SF:src/components/ui/Avatar.tsx
FN:11,Avatar
FNF:1
FNH:1
FNDA:1,Avatar
DA:1,1
DA:11,1
DA:12,1
DA:13,1
DA:14,1
DA:15,1
DA:16,1
DA:18,1
LF:8
LH:8
BRDA:11,0,0,1
BRF:1
BRH:1
end_of_record
TN:
SF:src/components/ui/Badge.tsx
FN:10,Badge
FNF:1
FNH:1
FNDA:1,Badge
DA:1,1
DA:10,1
DA:11,1
DA:12,1
DA:13,1
DA:14,1
DA:15,1
DA:17,1
LF:8
LH:8
BRDA:10,0,0,1
BRF:1
BRH:1
end_of_record
TN:
SF:src/components/ui/Button.tsx
FN:13,Button
FNF:1
FNH:1
FNDA:35,Button
DA:1,1
DA:13,35
DA:14,35
DA:15,35
DA:16,35
DA:17,35
DA:18,35
DA:19,35
DA:20,35
DA:21,35
DA:22,35
DA:23,35
DA:24,35
DA:26,35
DA:27,35
DA:28,35
DA:29,35
DA:31,35
LF:18
LH:18
BRDA:13,0,0,35
BRDA:21,1,0,10
BRF:2
BRH:2
end_of_record
TN:
SF:src/components/ui/Card.tsx
FN:11,Card
FNF:1
FNH:1
FNDA:35,Card
DA:1,1
DA:11,35
DA:12,35
DA:13,35
DA:14,35
DA:15,35
DA:16,35
DA:17,35
DA:18,35
DA:19,35
DA:20,35
DA:21,35
DA:22,35
DA:23,35
DA:25,35
LF:15
LH:15
BRDA:11,0,0,35
BRF:1
BRH:1
end_of_record
TN:
SF:src/components/ui/Container.tsx
FN:8,Container
FNF:1
FNH:1
FNDA:1,Container
DA:1,1
DA:8,1
DA:9,1
DA:10,1
DA:11,1
DA:12,1
DA:13,1
DA:14,1
DA:16,1
LF:9
LH:9
BRDA:8,0,0,1
BRF:1
BRH:1
end_of_record
TN:
SF:src/components/ui/Input.tsx
FN:19,Input
FN:31,Select
FN:45,Textarea
FNF:3
FNH:3
FNDA:15,Input
FNDA:8,Select
FNDA:8,Textarea
DA:1,1
DA:19,1
DA:20,15
DA:21,15
DA:22,15
DA:23,15
DA:24,15
DA:25,15
DA:26,15
DA:27,15
DA:29,15
DA:31,1
DA:32,8
DA:33,8
DA:34,8
DA:35,8
DA:36,8
DA:37,8
DA:38,8
DA:39,8
DA:40,8
DA:41,8
DA:43,8
DA:45,1
DA:46,8
DA:47,8
DA:48,8
DA:49,8
DA:50,8
DA:51,8
DA:52,8
DA:53,8
DA:55,8
LF:33
LH:33
BRDA:19,0,0,15
BRDA:26,1,0,1
BRDA:31,2,0,8
BRDA:40,3,0,0
BRDA:45,4,0,8
BRDA:52,5,0,0
BRF:6
BRH:4
end_of_record
TN:
SF:src/components/ui/Section.tsx
FN:8,Section
FNF:1
FNH:1
FNDA:16,Section
DA:1,1
DA:8,16
DA:9,16
DA:10,16
DA:11,16
DA:12,16
DA:13,16
DA:15,16
LF:8
LH:8
BRDA:8,0,0,16
BRF:1
BRH:1
end_of_record
TN:
SF:src/components/ui/SkipLink.tsx
FN:8,SkipLink
FNF:1
FNH:1
FNDA:1,SkipLink
DA:1,1
DA:8,1
DA:9,1
DA:10,1
DA:11,1
DA:12,1
DA:13,1
DA:14,1
DA:15,1
DA:17,1
LF:10
LH:10
BRDA:8,0,0,1
BRF:1
BRH:1
end_of_record
TN:
SF:src/components/ui/__tests__/Button.test.tsx
FNF:0
FNH:0
DA:1,1
DA:2,1
DA:3,1
DA:5,1
DA:6,1
DA:7,1
DA:8,1
DA:9,1
DA:11,1
DA:12,1
DA:13,1
DA:14,1
DA:16,1
DA:17,1
DA:18,1
DA:19,1
DA:21,1
DA:22,1
DA:23,1
DA:24,1
DA:25,1
LF:21
LH:21
BRDA:5,0,0,1
BRDA:6,1,0,1
BRDA:11,2,0,1
BRDA:16,3,0,1
BRDA:21,4,0,1
BRF:5
BRH:5
end_of_record
TN:
SF:src/components/ui/__tests__/Card.test.tsx
FNF:0
FNH:0
DA:1,1
DA:2,1
DA:3,1
DA:5,1
DA:6,1
DA:7,1
DA:8,1
DA:9,1
DA:11,1
DA:12,1
DA:13,1
DA:14,1
DA:16,1
DA:17,1
DA:18,1
DA:19,1
DA:20,1
DA:21,1
LF:18
LH:18
BRDA:5,0,0,1
BRDA:6,1,0,1
BRDA:11,2,0,1
BRDA:16,3,0,1
BRF:4
BRH:4
end_of_record
TN:
SF:src/components/ui/__tests__/Primitives.test.tsx
FNF:0
FNH:0
DA:1,1
DA:2,1
DA:3,1
DA:4,1
DA:5,1
DA:6,1
DA:7,1
DA:8,1
DA:10,1
DA:11,1
DA:12,1
DA:13,1
DA:14,1
DA:15,1
DA:16,1
DA:17,1
DA:19,1
DA:20,1
DA:21,1
DA:22,1
DA:23,1
DA:24,1
DA:25,1
DA:27,1
DA:28,1
DA:29,1
DA:30,1
DA:31,1
DA:32,1
DA:33,1
DA:35,1
DA:36,1
DA:37,1
DA:38,1
DA:39,1
DA:40,1
DA:42,1
DA:43,1
DA:44,1
DA:45,1
DA:46,1
DA:47,1
DA:48,1
DA:49,1
DA:50,1
DA:52,1
DA:53,1
DA:54,1
DA:55,1
DA:56,1
DA:57,1
DA:59,1
DA:60,1
DA:61,1
DA:62,1
DA:63,1
DA:64,1
DA:65,1
DA:67,1
DA:68,1
DA:69,1
DA:70,1
DA:71,1
DA:72,1
DA:73,1
DA:74,1
DA:75,1
LF:67
LH:67
BRDA:10,0,0,1
BRDA:11,1,0,1
BRDA:12,2,0,1
BRDA:19,3,0,1
BRDA:20,4,0,1
BRDA:27,5,0,1
BRDA:28,6,0,1
BRDA:35,7,0,1
BRDA:36,8,0,1
BRDA:42,9,0,1
BRDA:52,10,0,1
BRDA:59,11,0,1
BRDA:60,12,0,1
BRDA:67,13,0,1
BRDA:68,14,0,1
BRF:15
BRH:15
end_of_record
TN:
SF:src/hooks/useReducedMotion.ts
FN:3,useReducedMotion
FN:11,listener
FNF:2
FNH:1
FNDA:3,useReducedMotion
FNDA:0,listener
DA:1,1
DA:3,3
DA:4,3
DA:6,3
DA:7,2
DA:8,2
DA:9,2
DA:11,2
DA:12,0
DA:13,0
DA:15,2
DA:16,2
DA:17,2
DA:18,2
DA:19,3
DA:21,3
DA:22,3
LF:17
LH:15
BRDA:3,0,0,3
BRDA:6,1,0,2
BRDA:7,2,0,0
BRDA:16,3,0,2
BRF:4
BRH:3
end_of_record
TN:
SF:src/hooks/__tests__/useReducedMotion.test.ts
FNF:0
FNH:0
DA:1,1
DA:2,1
DA:3,1
DA:5,1
DA:6,1
DA:8,1
DA:9,1
DA:10,1
DA:11,1
DA:12,1
DA:13,1
DA:14,1
DA:15,1
DA:16,1
DA:17,1
DA:19,1
DA:20,1
DA:21,1
DA:23,1
DA:25,1
DA:26,1
DA:27,1
DA:28,1
DA:29,1
DA:30,1
DA:31,1
DA:32,1
DA:33,1
DA:34,1
DA:36,1
DA:37,1
DA:38,1
DA:39,1
LF:33
LH:33
BRDA:5,0,0,1
BRDA:6,1,0,1
BRDA:8,2,0,1
BRDA:19,3,0,1
BRDA:23,4,0,1
BRDA:25,5,0,1
BRDA:36,6,0,2
BRF:7
BRH:7
end_of_record
